<?xml version="1.0" encoding="UTF-8"?>
<testsuite xmlns:xsi="http://www.w3.org/2001/XMLSchema-instance" xsi:noNamespaceSchemaLocation="https://maven.apache.org/surefire/maven-surefire-plugin/xsd/surefire-test-report.xsd" version="3.0.2" name="com.RaceReserve.Kartland.KartlandApplicationTests" time="6.614" tests="1" errors="0" skipped="0" failures="0">
  <properties>
[...]
</properties>
  <testcase name="contextLoads" classname="com.RaceReserve.Kartland.KartlandApplicationTests" time="0.621">
    <system-out><![CDATA[16:41:19.471 [main] INFO org.springframework.test.context.support.AnnotationConfigContextLoaderUtils -- Could not detect default configuration classes for test class [com.RaceReserve.Kartland.KartlandApplicationTests]: KartlandApplicationTests does not declare any static, non-private, non-final, nested classes annotated with @Configuration.
16:41:19.605 [main] INFO org.springframework.boot.test.context.SpringBootTestContextBootstrapper -- Found @SpringBootConfiguration com.RaceReserve.Kartland.KartlandApplication for test class com.RaceReserve.Kartland.KartlandApplicationTests

  .   ____          _            __ _ _
 /\\ / ___'_ __ _ _(_)_ __  __ _ \ \ \ \
( ( )\___ | '_ | '_| | '_ \/ _` | \ \ \ \
 \\/  ___)| |_)| | | | | || (_| |  ) ) ) )
  '  |____| .__|_| |_|_| |_\__, | / / / /
 =========|_|==============|___/=/_/_/_/

 :: Spring Boot ::                (v3.4.4)

2025-11-08T16:41:20.154+05:30  INFO 13516 --- [Kartland] [           main] c.R.Kartland.KartlandApplicationTests    : Starting KartlandApplicationTests using Java 17.0.10 with PID 13516 (started by Admin in D:\MCA\Semister_4\Project\Backend\Kartland\Kartland)
2025-11-08T16:41:20.157+05:30  INFO 13516 --- [Kartland] [           main] c.R.Kartland.KartlandApplicationTests    : No active profile set, falling back to 1 default profile: "default"
2025-11-08T16:41:21.036+05:30  INFO 13516 --- [Kartland] [           main] .s.d.r.c.RepositoryConfigurationDelegate : Bootstrapping Spring Data JPA repositories in DEFAULT mode.
2025-11-08T16:41:21.115+05:30  INFO 13516 --- [Kartland] [           main] .s.d.r.c.RepositoryConfigurationDelegate : Finished Spring Data repository scanning in 63 ms. Found 4 JPA repository interfaces.
2025-11-08T16:41:21.697+05:30  INFO 13516 --- [Kartland] [           main] o.hibernate.jpa.internal.util.LogHelper  : HHH000204: Processing PersistenceUnitInfo [name: default]
2025-11-08T16:41:21.765+05:30  INFO 13516 --- [Kartland] [           main] org.hibernate.Version                    : HHH000412: Hibernate ORM core version 6.6.11.Final
2025-11-08T16:41:21.813+05:30  INFO 13516 --- [Kartland] [           main] o.h.c.internal.RegionFactoryInitiator    : HHH000026: Second-level cache disabled
2025-11-08T16:41:22.212+05:30  INFO 13516 --- [Kartland] [           main] o.s.o.j.p.SpringPersistenceUnitInfo      : No LoadTimeWeaver setup: ignoring JPA class transformer
2025-11-08T16:41:22.246+05:30  INFO 13516 --- [Kartland] [           main] com.zaxxer.hikari.HikariDataSource       : HikariPool-1 - Starting...
2025-11-08T16:41:22.632+05:30  INFO 13516 --- [Kartland] [           main] com.zaxxer.hikari.pool.HikariPool        : HikariPool-1 - Added connection com.mysql.cj.jdbc.ConnectionImpl@22604c7e
2025-11-08T16:41:22.636+05:30  INFO 13516 --- [Kartland] [           main] com.zaxxer.hikari.HikariDataSource       : HikariPool-1 - Start completed.
2025-11-08T16:41:22.727+05:30  WARN 13516 --- [Kartland] [           main] org.hibernate.orm.deprecation            : HHH90000025: MySQLDialect does not need to be specified explicitly using 'hibernate.dialect' (remove the property setting and it will be selected by default)
2025-11-08T16:41:22.751+05:30  INFO 13516 --- [Kartland] [           main] org.hibernate.orm.connections.pooling    : HHH10001005: Database info:
	Database JDBC URL [Connecting through datasource 'HikariDataSource (HikariPool-1)']
	Database driver: undefined/unknown
	Database version: 8.0.40
	Autocommit mode: undefined/unknown
	Isolation level: undefined/unknown
	Minimum pool size: undefined/unknown
	Maximum pool size: undefined/unknown
2025-11-08T16:41:23.880+05:30  INFO 13516 --- [Kartland] [           main] o.h.e.t.j.p.i.JtaPlatformInitiator       : HHH000489: No JTA platform available (set 'hibernate.transaction.jta.platform' to enable JTA platform integration)
2025-11-08T16:41:23.950+05:30  INFO 13516 --- [Kartland] [           main] j.LocalContainerEntityManagerFactoryBean : Initialized JPA EntityManagerFactory for persistence unit 'default'
2025-11-08T16:41:24.492+05:30  WARN 13516 --- [Kartland] [           main] JpaBaseConfiguration$JpaWebConfiguration : spring.jpa.open-in-view is enabled by default. Therefore, database queries may be performed during view rendering. Explicitly configure spring.jpa.open-in-view to disable this warning
2025-11-08T16:41:24.527+05:30  INFO 13516 --- [Kartland] [           main] r$InitializeUserDetailsManagerConfigurer : Global AuthenticationManager configured with UserDetailsService bean with name inMemoryUserDetailsManager
2025-11-08T16:41:25.276+05:30  INFO 13516 --- [Kartland] [           main] c.R.Kartland.KartlandApplicationTests    : Started KartlandApplicationTests in 5.467 seconds (process running for 6.653)
]]></system-out>
  </testcase>
</testsuite>